This file contains any messages produced by compilers while
running configure, to aid debugging if configure makes a mistake.

It was created by norn configure 0.1.0, which was
generated by GNU Autoconf 2.73.  Invocation command line was

  $ ./configure --enable-coverage 'CFLAGS=-O0 -g'

## --------- ##
## Platform. ##
## --------- ##

hostname = macbook.driessel.de
uname -m = arm64
uname -r = 25.5.0
uname -s = Darwin
uname -v = Darwin Kernel Version 25.5.0: Mon Apr 27 20:38:00 PDT 2026; root:xnu-12377.121.6~2/RELEASE_ARM64_T8103

/usr/bin/uname -p = arm
/bin/uname -X     = unknown

/bin/arch              = unknown
/usr/bin/arch -k       = unknown
/usr/convex/getsysinfo = unknown
/usr/bin/hostinfo      = Mach kernel version:
	 Darwin Kernel Version 25.5.0: Mon Apr 27 20:38:00 PDT 2026; root:xnu-12377.121.6~2/RELEASE_ARM64_T8103
Kernel configured for up to 8 processors.
8 processors are physically available.
8 processors are logically available.
Processor type: arm64e (ARM64E)
Processors active: 0 1 2 3 4 5 6 7
Primary memory available: 16.00 gigabytes
Default processor set: 626 tasks, 3117 threads, 8 processors
Load average: 7.62, Mach factor: 1.93
/bin/machine           = unknown
/usr/bin/oslevel       = unknown
/bin/universe          = unknown

PATH: /Users/rene/.opencode/bin/
PATH: /Users/rene/.local/bin/
PATH: /usr/local/sbin/
PATH: /usr/sbin/
PATH: /sbin/
PATH: /usr/local/bin/
PATH: /Users/rene/Library/Python/3.10/bin/
PATH: /opt/homebrew/bin/
PATH: /opt/homebrew/sbin/
PATH: /opt/local/libexec/gnubin/
PATH: /opt/local/bin/
PATH: /opt/local/sbin/
PATH: /usr/bin/
PATH: /bin/


## ----------- ##
## Core tests. ##
## ----------- ##

configure:2611: looking for aux files: config.guess config.sub ltmain.sh ar-lib compile missing install-sh
configure:2624:  trying ./build-aux/
configure:2653:   ./build-aux/config.guess found
configure:2653:   ./build-aux/config.sub found
configure:2653:   ./build-aux/ltmain.sh found
configure:2653:   ./build-aux/ar-lib found
configure:2653:   ./build-aux/compile found
configure:2653:   ./build-aux/missing found
configure:2635:   ./build-aux/install-sh found
configure:2812: checking for a BSD-compatible install
configure:2886: result: /opt/local/libexec/gnubin/install -c
configure:2897: checking whether sleep supports fractional seconds
configure:2913: result: yes
configure:2916: checking filesystem timestamp resolution
configure:3051: result: 0.01
configure:3056: checking whether build environment is sane
configure:3101: result: yes
configure:3272: checking for a race-free mkdir -p
configure:3315: result: /opt/local/libexec/gnubin/mkdir -p
configure:3322: checking for gawk
configure:3343: found /opt/local/bin/gawk
configure:3355: result: gawk
configure:3366: checking whether make sets $(MAKE)
configure:3390: result: yes
configure:3416: checking whether make supports nested variables
configure:3435: result: yes
configure:3449: checking xargs -n works
configure:3465: result: yes
configure:3550: checking whether UID '501' is supported by ustar format
configure:3556: result: yes
configure:3563: checking whether GID '20' is supported by ustar format
configure:3569: result: yes
configure:3577: checking how to create a ustar tar archive
configure:3588: tar --version
tar (GNU tar) 1.35
Copyright (C) 2023 Free Software Foundation, Inc.
License GPLv3+: GNU GPL version 3 or later <https://gnu.org/licenses/gpl.html>.
This is free software: you are free to change and redistribute it.
There is NO WARRANTY, to the extent permitted by law.

Written by John Gilmore and Jay Fenlason.
configure:3591: $? = 0
configure:3631: tardir=conftest.dir && eval tar --format=ustar -chf - "$tardir" >conftest.tar
configure:3634: $? = 0
configure:3638: tar -xf - <conftest.tar
configure:3641: $? = 0
configure:3643: cat conftest.dir/file
GrepMe
configure:3646: $? = 0
configure:3661: result: gnutar
configure:3755: checking for gcc
configure:3776: found /opt/local/bin/gcc
configure:3788: result: gcc
configure:4147: checking for C compiler version
configure:4156: gcc --version >&5
gcc (MacPorts gcc14 14.3.0_0+stdlib_flag) 14.3.0
Copyright (C) 2024 Free Software Foundation, Inc.
This is free software; see the source for copying conditions.  There is NO
warranty; not even for MERCHANTABILITY or FITNESS FOR A PARTICULAR PURPOSE.

configure:4167: $? = 0
configure:4156: gcc -v >&5
Using built-in specs.
COLLECT_GCC=gcc
COLLECT_LTO_WRAPPER=/opt/local/libexec/gcc/aarch64-apple-darwin25/14.3.0/lto-wrapper
Target: aarch64-apple-darwin25
Configured with: /opt/local/var/macports/build/gcc14-d0edef85/work/gcc-14.3.0/configure --prefix=/opt/local --build=aarch64-apple-darwin25 --enable-languages=c,c++,objc,obj-c++,lto,fortran,m2,jit --libdir=/opt/local/lib/gcc14 --infodir=/opt/local/share/info --mandir=/opt/local/share/man --datarootdir=/opt/local/share/gcc-14 --with-local-prefix=/opt/local --with-system-zlib --disable-nls --program-suffix=-mp-14 --with-gxx-include-dir=/opt/local/include/gcc14/c++/ --with-gmp=/opt/local --with-mpfr=/opt/local --with-mpc=/opt/local --with-isl=/opt/local --with-zstd=/opt/local --enable-checking=release --disable-multilib --enable-lto --enable-libstdcxx-time --with-build-config=bootstrap-debug --with-as=/opt/local/bin/as --with-ld=/opt/local/bin/ld --with-ar=/opt/local/bin/ar --with-bugurl=https://trac.macports.org/newticket --enable-host-shared --with-darwin-extra-rpath=/opt/local/lib/libgcc --with-libiconv-prefix=/opt/local --disable-tls --with-gxx-libcxx-include-dir=/opt/local/libexec/gcc14/libc++/include/c++/v1 --with-pkgversion='MacPorts gcc14 14.3.0_0+stdlib_flag' --with-sysroot=/Library/Developer/CommandLineTools/SDKs/MacOSX26.sdk
Thread model: posix
Supported LTO compression algorithms: zlib zstd
gcc version 14.3.0 (MacPorts gcc14 14.3.0_0+stdlib_flag) 
configure:4167: $? = 0
configure:4156: gcc -V >&5
gcc: error: unrecognized command-line option '-V'
gcc: fatal error: no input files
compilation terminated.
configure:4167: $? = 1
configure:4156: gcc -qversion >&5
gcc: error: unrecognized command-line option '-qversion'; did you mean '--version'?
gcc: fatal error: no input files
compilation terminated.
configure:4167: $? = 1
configure:4156: gcc -version >&5
gcc: error: unrecognized command-line option '-version'
gcc: fatal error: no input files
compilation terminated.
configure:4167: $? = 1
configure:4187: checking whether the C compiler works
configure:4209: gcc -O0 -g   conftest.c  >&5
clang: warning: overriding deployment version from '16.0' to '26.0' [-Woverriding-deployment-version]
configure:4213: $? = 0
configure:4264: result: yes
configure:4268: checking for C compiler default output file name
configure:4270: result: a.out
configure:4276: checking for suffix of executables
configure:4283: gcc -o conftest -O0 -g   conftest.c  >&5
clang: warning: overriding deployment version from '16.0' to '26.0' [-Woverriding-deployment-version]
configure:4287: $? = 0
configure:4311: result: 
configure:4335: checking whether we are cross compiling
configure:4343: gcc -o conftest -O0 -g   conftest.c  >&5
clang: warning: overriding deployment version from '16.0' to '26.0' [-Woverriding-deployment-version]
configure:4347: $? = 0
configure:4354: ./conftest
configure:4358: $? = 0
configure:4373: result: no
configure:4379: checking for suffix of object files
configure:4402: gcc -c -O0 -g  conftest.c >&5
clang: warning: overriding deployment version from '16.0' to '26.0' [-Woverriding-deployment-version]
configure:4406: $? = 0
configure:4430: result: o
configure:4434: checking whether the compiler supports GNU C
configure:4454: gcc -c -O0 -g  conftest.c >&5
clang: warning: overriding deployment version from '16.0' to '26.0' [-Woverriding-deployment-version]
configure:4454: $? = 0
configure:4466: result: yes
configure:4477: checking whether gcc accepts -g
configure:4498: gcc -c -g  conftest.c >&5
clang: warning: overriding deployment version from '16.0' to '26.0' [-Woverriding-deployment-version]
configure:4498: $? = 0
configure: failed program was:
| /* confdefs.h */
| #define PACKAGE_NAME "norn"
| #define PACKAGE_TARNAME "norn"
| #define PACKAGE_VERSION "0.1.0"
| #define PACKAGE_STRING "norn 0.1.0"
| #define PACKAGE_BUGREPORT "noreply@example.com"
| #define PACKAGE_URL ""
| #define PACKAGE "norn"
| #define VERSION "0.1.0"
| /* end confdefs.h.  */
| 
| int
| main (void)
| {
| 
|   ;
|   return 0;
| }
configure:4514: gcc -c   conftest.c >&5
clang: warning: overriding deployment version from '16.0' to '26.0' [-Woverriding-deployment-version]
configure:4514: $? = 0
configure: failed program was:
| /* confdefs.h */
| #define PACKAGE_NAME "norn"
| #define PACKAGE_TARNAME "norn"
| #define PACKAGE_VERSION "0.1.0"
| #define PACKAGE_STRING "norn 0.1.0"
| #define PACKAGE_BUGREPORT "noreply@example.com"
| #define PACKAGE_URL ""
| #define PACKAGE "norn"
| #define VERSION "0.1.0"
| /* end confdefs.h.  */
| 
| int
| main (void)
| {
| 
|   ;
|   return 0;
| }
configure:4531: gcc -c -g  conftest.c >&5
clang: warning: overriding deployment version from '16.0' to '26.0' [-Woverriding-deployment-version]
configure:4531: $? = 0
configure:4545: result: yes
configure:4565: checking for gcc option to enable C23 features
configure:4580: gcc  -c -O0 -g  conftest.c >&5
conftest.c:16:3: error: #error "Compiler advertises conformance to C17 or earlier"
   16 | # error "Compiler advertises conformance to C17 or earlier"
      |   ^~~~~
conftest.c: In function 'alignas':
conftest.c:20:23: error: expected declaration specifiers before 'c23_aligned_as_double'
   20 | char alignas (double) c23_aligned_as_double;
      |                       ^~~~~~~~~~~~~~~~~~~~~
conftest.c:21:15: error: expected declaration specifiers or '...' before numeric constant
   21 | char alignas (0) c23_no_special_alignment;
      |               ^
conftest.c:22:13: error: storage class specified for parameter 'c23_aligned_as_int'
   22 | extern char c23_aligned_as_int;
      |             ^~~~~~~~~~~~~~~~~~
conftest.c:23:15: error: expected declaration specifiers or '...' before numeric constant
   23 | char alignas (0) alignas (int) c23_aligned_as_int;
      |               ^
conftest.c:28:23: error: implicit declaration of function 'alignof'; did you mean 'alignas'? [-Wimplicit-function-declaration]
   28 |   c23_int_alignment = alignof (int),
      |                       ^~~~~~~
      |                       alignas
conftest.c:28:32: error: expected expression before 'int'
   28 |   c23_int_alignment = alignof (int),
      |                                ^~~
conftest.c:29:38: error: expected expression before 'int'
   29 |   c23_int_array_alignment = alignof (int[100]),
      |                                      ^~~
conftest.c:30:33: error: expected expression before 'char'
   30 |   c23_char_alignment = alignof (char)
      |                                 ^~~~
conftest.c:26:1: warning: empty declaration
   26 | enum
      | ^~~~
conftest.c:32:1: error: expected declaration specifiers before 'static_assert'
   32 | static_assert (0 < -alignof (int), "alignof is signed");
      | ^~~~~~~~~~~~~
conftest.c:34:43: error: expected '=', ',', ';', 'asm' or '__attribute__' before '{' token
   34 | int function_with_unnamed_parameter (int) { return 0; }
      |                                           ^
conftest.c:40:1: error: unknown type name 'bool'
   40 | bool use_u8 = (!sizeof u8"\xFF") == (!u8'x');
      | ^~~~
conftest.c:1:1: note: 'bool' is defined in header '<stdbool.h>'; this is probably fixable by adding '#include <stdbool.h>'
    1 | /* confdefs.h */
conftest.c:40:1: error: parameter 'use_u8' is initialized
   40 | bool use_u8 = (!sizeof u8"\xFF") == (!u8'x');
      | ^~~~
conftest.c:40:39: error: 'u8' undeclared (first use in this function)
   40 | bool use_u8 = (!sizeof u8"\xFF") == (!u8'x');
      |                                       ^~
conftest.c:40:39: note: each undeclared identifier is reported only once for each function it appears in
conftest.c:40:41: error: expected ')' before 'x'
   40 | bool use_u8 = (!sizeof u8"\xFF") == (!u8'x');
      |                                     ~   ^~~
      |                                         )
conftest.c:42:1: error: unknown type name 'bool'
   42 | bool check_that_bool_works = true | false | !nullptr;
      | ^~~~
conftest.c:42:1: note: 'bool' is defined in header '<stdbool.h>'; this is probably fixable by adding '#include <stdbool.h>'
conftest.c:42:1: error: parameter 'check_that_bool_works' is initialized
conftest.c:42:30: error: 'true' undeclared (first use in this function)
   42 | bool check_that_bool_works = true | false | !nullptr;
      |                              ^~~~
conftest.c:42:30: note: 'true' is defined in header '<stdbool.h>'; this is probably fixable by adding '#include <stdbool.h>'
conftest.c:42:37: error: 'false' undeclared (first use in this function)
   42 | bool check_that_bool_works = true | false | !nullptr;
      |                                     ^~~~~
conftest.c:42:37: note: 'false' is defined in header '<stdbool.h>'; this is probably fixable by adding '#include <stdbool.h>'
conftest.c:42:46: error: 'nullptr' undeclared (first use in this function); did you mean 'nullptr_t'?
   42 | bool check_that_bool_works = true | false | !nullptr;
      |                                              ^~~~~~~
      |                                              nullptr_t
conftest.c:44:3: error: #error "true does not work in #if"
   44 | # error "true does not work in #if"
      |   ^~~~~
conftest.c:63:1: error: expected declaration specifiers before 'static_assert'
   63 | static_assert (VA_OPT_TEST (LPAREN (), 0, <:-) == 42);
      | ^~~~~~~~~~~~~
conftest.c:65:1: error: expected declaration specifiers before 'static_assert'
   65 | static_assert (0b101010 == 42);
      | ^~~~~~~~~~~~~
conftest.c:66:1: error: expected declaration specifiers before 'static_assert'
   66 | static_assert (0B101010 == 42);
      | ^~~~~~~~~~~~~
conftest.c:67:1: error: expected declaration specifiers before 'static_assert'
   67 | static_assert (0xDEAD'BEEF == 3'735'928'559);
      | ^~~~~~~~~~~~~
conftest.c:67:22: warning: multi-character literal with 9 characters exceeds 'int' size of 4 bytes
   67 | static_assert (0xDEAD'BEEF == 3'735'928'559);
      |                      ^~~~~~~~~~~
conftest.c:67:36: warning: multi-character character constant [-Wmultichar]
   67 | static_assert (0xDEAD'BEEF == 3'735'928'559);
      |                                    ^~~~~
conftest.c:68:1: error: expected declaration specifiers before 'static_assert'
   68 | static_assert (0.500'000'000 == 0.5);
      | ^~~~~~~~~~~~~
conftest.c:68:21: warning: multi-character character constant [-Wmultichar]
   68 | static_assert (0.500'000'000 == 0.5);
      |                     ^~~~~
conftest.c:70:1: warning: empty declaration
   70 | enum unsignedish : unsigned int { uione = 1 };
      | ^~~~
conftest.c:71:1: error: expected declaration specifiers before 'static_assert'
   71 | static_assert (0 < -uione);
      | ^~~~~~~~~~~~~
In file included from conftest.c:73:
/opt/local/lib/gcc14/gcc/aarch64-apple-darwin25/14.3.0/include/stddef.h:160:26: error: storage class specified for parameter 'ptrdiff_t'
  160 | typedef __PTRDIFF_TYPE__ ptrdiff_t;
      |                          ^~~~~~~~~
/opt/local/lib/gcc14/gcc/aarch64-apple-darwin25/14.3.0/include/stddef.h:229:23: error: storage class specified for parameter 'size_t'
  229 | typedef __SIZE_TYPE__ size_t;
      |                       ^~~~~~
/opt/local/lib/gcc14/gcc/aarch64-apple-darwin25/14.3.0/include/stddef.h:344:24: error: storage class specified for parameter 'wchar_t'
  344 | typedef __WCHAR_TYPE__ wchar_t;
      |                        ^~~~~~~
/opt/local/lib/gcc14/gcc/aarch64-apple-darwin25/14.3.0/include/stddef.h:450:3: error: storage class specified for parameter 'max_align_t'
  450 | } max_align_t;
      |   ^~~~~~~~~~~
conftest.c:74:1: error: unknown type name 'constexpr'
   74 | constexpr nullptr_t null_pointer = nullptr;
      | ^~~~~~~~~
conftest.c:74:21: error: expected '=', ',', ';', 'asm' or '__attribute__' before 'null_pointer'
   74 | constexpr nullptr_t null_pointer = nullptr;
      |                     ^~~~~~~~~~~~
conftest.c:76:31: error: expected '=', ',', ';', 'asm' or '__attribute__' before '{' token
   76 | static typeof (1 + 1L) two () { return 2; }
      |                               ^
conftest.c:77:26: error: expected '=', ',', ';', 'asm' or '__attribute__' before '{' token
   77 | static long int three () { return 3; }
      |                          ^
conftest.c:82:1: error: expected '=', ',', ';', 'asm' or '__attribute__' before '{' token
   82 | {
      | ^
conftest.c:20:6: error: old-style parameter declarations in prototyped function definition
   20 | char alignas (double) c23_aligned_as_double;
      |      ^~~~~~~
conftest.c:100: error: expected '{' at end of input
configure:4580: $? = 1
configure: failed program was:
| /* confdefs.h */
| #define PACKAGE_NAME "norn"
| #define PACKAGE_TARNAME "norn"
| #define PACKAGE_VERSION "0.1.0"
| #define PACKAGE_STRING "norn 0.1.0"
| #define PACKAGE_BUGREPORT "noreply@example.com"
| #define PACKAGE_URL ""
| #define PACKAGE "norn"
| #define VERSION "0.1.0"
| /* end confdefs.h.  */
| 
| /* Does the compiler advertise conformance to C17 or earlier?
|    Although GCC 14 does not do that, even with -std=gnu23,
|    it is close enough, and defines __STDC_VERSION == 202000L.  */
| #if !defined __STDC_VERSION__ || __STDC_VERSION__ <= 201710L
| # error "Compiler advertises conformance to C17 or earlier"
| #endif
| 
| // Check alignas.
| char alignas (double) c23_aligned_as_double;
| char alignas (0) c23_no_special_alignment;
| extern char c23_aligned_as_int;
| char alignas (0) alignas (int) c23_aligned_as_int;
| 
| // Check alignof.
| enum
| {
|   c23_int_alignment = alignof (int),
|   c23_int_array_alignment = alignof (int[100]),
|   c23_char_alignment = alignof (char)
| };
| static_assert (0 < -alignof (int), "alignof is signed");
| 
| int function_with_unnamed_parameter (int) { return 0; }
| 
| void c23_noreturn ();
| 
| /* Test parsing of string and char UTF-8 literals (including hex escapes).
|    The parens pacify GCC 15.  */
| bool use_u8 = (!sizeof u8"\xFF") == (!u8'x');
| 
| bool check_that_bool_works = true | false | !nullptr;
| #if !true
| # error "true does not work in #if"
| #endif
| #if false
| #elifdef __STDC_VERSION__
| #else
| # error "#elifdef does not work"
| #endif
| 
| #ifndef __has_c_attribute
| # error "__has_c_attribute not defined"
| #endif
| 
| #ifndef __has_include
| # error "__has_include not defined"
| #endif
| 
| #define LPAREN() (
| #define FORTY_TWO(x) 42
| #define VA_OPT_TEST(r, x, ...) __VA_OPT__ (FORTY_TWO r x))
| static_assert (VA_OPT_TEST (LPAREN (), 0, <:-) == 42);
| 
| static_assert (0b101010 == 42);
| static_assert (0B101010 == 42);
| static_assert (0xDEAD'BEEF == 3'735'928'559);
| static_assert (0.500'000'000 == 0.5);
| 
| enum unsignedish : unsigned int { uione = 1 };
| static_assert (0 < -uione);
| 
| #include <stddef.h>
| constexpr nullptr_t null_pointer = nullptr;
| 
| static typeof (1 + 1L) two () { return 2; }
| static long int three () { return 3; }
| 
| 
| int
| main (int, char **)
| {
|   int ok = 0;
|   
|   {
|     label_before_declaration:
|       int arr[10] = {};
|       if (arr[0])
|         goto label_before_declaration;
|       if (!arr[0])
|         goto label_at_end_of_block;
|     label_at_end_of_block:
|   }
|   ok |= !null_pointer;
|   ok |= two != three;
| 
|   return ok;
| }
| 
configure:4580: gcc -std=gnu23 -c -O0 -g  conftest.c >&5
clang: warning: overriding deployment version from '16.0' to '26.0' [-Woverriding-deployment-version]
configure:4580: $? = 0
configure:4602: result: -std=gnu23
configure:4772: checking whether gcc -std=gnu23 understands -c and -o together
configure:4795: gcc -std=gnu23 -c conftest.c -o conftest2.o
clang: warning: overriding deployment version from '16.0' to '26.0' [-Woverriding-deployment-version]
configure:4798: $? = 0
configure:4795: gcc -std=gnu23 -c conftest.c -o conftest2.o
clang: warning: overriding deployment version from '16.0' to '26.0' [-Woverriding-deployment-version]
configure:4798: $? = 0
configure:4814: result: yes
configure:4834: checking whether make supports the include directive
configure:4849: make -f confmf.GNU && cat confinc.out
make[1]: Entering directory '/Users/rene/Projekte/norn'
make[1]: Leaving directory '/Users/rene/Projekte/norn'
this is the am__doit target
configure:4852: $? = 0
configure:4871: result: yes (GNU style)
configure:4897: checking dependency style of gcc -std=gnu23
configure:5010: result: gcc3
configure:5082: checking for ar
configure:5103: found /opt/local/bin/ar
configure:5115: result: ar
configure:5142: checking the archiver (ar) interface
configure:5159: gcc -std=gnu23 -c -O0 -g  conftest.c >&5
clang: warning: overriding deployment version from '16.0' to '26.0' [-Woverriding-deployment-version]
configure:5159: $? = 0
configure:5162: ar cr libconftest.a conftest.o >&5
configure:5165: $? = 0
configure:5194: result: ar
configure:5246: checking build system type
configure:5262: result: aarch64-apple-darwin25.5.0
configure:5282: checking host system type
configure:5297: result: aarch64-apple-darwin25.5.0
configure:5338: checking how to print strings
configure:5365: result: printf
configure:5386: checking for a sed that does not truncate output
configure:5458: result: /opt/local/libexec/gnubin/sed
configure:5476: checking for grep that handles long lines and -e
configure:5542: result: /opt/local/libexec/gnubin/grep
configure:5547: checking for egrep
configure:5617: result: /opt/local/libexec/gnubin/grep -E
configure:5624: checking for fgrep
configure:5694: result: /opt/local/libexec/gnubin/grep -F
configure:5731: checking for ld used by gcc -std=gnu23
configure:5800: result: /opt/local/bin/ld
configure:5807: checking if the linker (/opt/local/bin/ld) is GNU ld
configure:5824: result: no
configure:5836: checking for BSD- or MS-compatible name lister (nm)
configure:5892: result: /opt/local/bin/nm -B
configure:6034: checking the name lister (/opt/local/bin/nm -B) interface
configure:6042: gcc -std=gnu23 -c -O0 -g  conftest.c >&5
clang: warning: overriding deployment version from '16.0' to '26.0' [-Woverriding-deployment-version]
configure:6045: /opt/local/bin/nm -B "conftest.o"
configure:6048: output
00000000000001b8 S _some_variable
0000000000000000 t ltmp0
00000000000001b8 s ltmp1
00000000000000fc s ltmp2
0000000000000120 s ltmp3
000000000000013a s ltmp4
configure:6056: result: BSD nm
configure:6059: checking whether ln -s works
configure:6063: result: yes
configure:6071: checking the maximum length of command line arguments
configure:6204: result: 786432
configure:6252: checking how to convert aarch64-apple-darwin25.5.0 file names to aarch64-apple-darwin25.5.0 format
configure:6294: result: func_convert_file_noop
configure:6301: checking how to convert aarch64-apple-darwin25.5.0 file names to toolchain format
configure:6323: result: func_convert_file_noop
configure:6330: checking for /opt/local/bin/ld option to reload object files
configure:6339: result: -r
configure:6372: checking for file
configure:6393: found /usr/bin/file
configure:6406: result: file
configure:6469: checking for objdump
configure:6490: found /opt/local/bin/objdump
configure:6502: result: objdump
configure:6534: checking how to recognize dependent libraries
configure:6743: result: pass_all
configure:6834: checking for dlltool
configure:6870: result: no
configure:6900: checking how to associate runtime and link libraries
configure:6929: result: printf %s\n
configure:6989: checking for ranlib
configure:7010: found /opt/local/bin/ranlib
configure:7022: result: ranlib
configure:7185: checking for archiver @FILE support
configure:7203: gcc -std=gnu23 -c -O0 -g  conftest.c >&5
clang: warning: overriding deployment version from '16.0' to '26.0' [-Woverriding-deployment-version]
configure:7203: $? = 0
configure:7207: ar cr libconftest.a @conftest.lst >&5
ar: @conftest.lst: No such file or directory
configure:7210: $? = 1
configure:7231: result: no
configure:7295: checking for strip
configure:7316: found /opt/local/bin/strip
configure:7328: result: strip
configure:7431: checking command to parse /opt/local/bin/nm -B output from gcc -std=gnu23 object
configure:7585: gcc -std=gnu23 -c -O0 -g  conftest.c >&5
clang: warning: overriding deployment version from '16.0' to '26.0' [-Woverriding-deployment-version]
configure:7588: $? = 0
configure:7592: /opt/local/bin/nm -B conftest.o | /opt/local/libexec/gnubin/sed -n -e 's/^.*[	 ]\([ABCDGIRSTW][ABCDGIRSTW]*\)[	 ][	 ]*\([_A-Za-z][_A-Za-z0-9]*\)$/\1 \2 \2/p' | /opt/local/libexec/gnubin/sed '/ __gnu_lto/d' > conftest.nm
cannot find nm_test_var in conftest.nm
configure:7585: gcc -std=gnu23 -c -O0 -g  conftest.c >&5
clang: warning: overriding deployment version from '16.0' to '26.0' [-Woverriding-deployment-version]
configure:7588: $? = 0
configure:7592: /opt/local/bin/nm -B conftest.o | /opt/local/libexec/gnubin/sed -n -e 's/^.*[	 ]\([ABCDGIRSTW][ABCDGIRSTW]*\)[	 ][	 ]*_\([_A-Za-z][_A-Za-z0-9]*\)$/\1 _\2 \2/p' | /opt/local/libexec/gnubin/sed '/ __gnu_lto/d' > conftest.nm
configure:7658: gcc -std=gnu23 -o conftest -O0 -g   conftest.c conftstm.o >&5
clang: warning: overriding deployment version from '16.0' to '26.0' [-Woverriding-deployment-version]
configure:7661: $? = 0
configure:7700: result: ok
configure:7747: checking for sysroot
configure:7781: result: no
configure:7788: checking for a working dd
configure:7833: result: /opt/local/libexec/gnubin/dd
configure:7837: checking how to truncate binary pipes
configure:7854: result: /opt/local/libexec/gnubin/dd bs=4096 count=1
configure:8194: checking for mt
configure:8230: result: no
configure:8250: checking if : is a manifest tool
configure:8257: : '-?'
configure:8266: result: no
configure:8328: checking for dsymutil
configure:8349: found /usr/bin/dsymutil
configure:8361: result: dsymutil
configure:8432: checking for nmedit
configure:8453: found /usr/bin/nmedit
configure:8465: result: nmedit
configure:8536: checking for lipo
configure:8557: found /opt/local/bin/lipo
configure:8569: result: lipo
configure:8640: checking for otool
configure:8661: found /opt/local/bin/otool
configure:8673: result: otool
configure:8744: checking for otool64
configure:8780: result: no
configure:8825: checking for -single_module linker flag
gcc -std=gnu23 -O0 -g  -o libconftest.dylib -dynamiclib -Wl,-single_module conftest.c
clang: warning: overriding deployment version from '16.0' to '26.0' [-Woverriding-deployment-version]
ld: warning: -single_module is obsolete
configure:8860: result: no
configure:8865: checking for -no_fixup_chains linker flag
configure:8884: gcc -std=gnu23 -o conftest -O0 -g   -Wl,-no_fixup_chains conftest.c  >&5
clang: warning: overriding deployment version from '16.0' to '26.0' [-Woverriding-deployment-version]
configure:8884: $? = 0
configure:8899: result: yes
configure:8902: checking for -exported_symbols_list linker flag
configure:8923: gcc -std=gnu23 -o conftest -O0 -g   -Wl,-exported_symbols_list,conftest.sym conftest.c  >&5
clang: warning: overriding deployment version from '16.0' to '26.0' [-Woverriding-deployment-version]
configure:8923: $? = 0
configure:8936: result: yes
configure:8939: checking for -force_load linker flag
gcc -std=gnu23 -O0 -g -c -o conftest.o conftest.c
clang: warning: overriding deployment version from '16.0' to '26.0' [-Woverriding-deployment-version]
ar cr libconftest.a conftest.o
ranlib libconftest.a
gcc -std=gnu23 -O0 -g  -o conftest conftest.c -Wl,-force_load,./libconftest.a
configure:8973: result: yes
configure:9063: checking for stdio.h
configure:9063: gcc -std=gnu23 -c -O0 -g  conftest.c >&5
clang: warning: overriding deployment version from '16.0' to '26.0' [-Woverriding-deployment-version]
configure:9063: $? = 0
configure:9063: result: yes
configure:9063: checking for stdlib.h
configure:9063: gcc -std=gnu23 -c -O0 -g  conftest.c >&5
clang: warning: overriding deployment version from '16.0' to '26.0' [-Woverriding-deployment-version]
configure:9063: $? = 0
configure:9063: result: yes
configure:9063: checking for string.h
configure:9063: gcc -std=gnu23 -c -O0 -g  conftest.c >&5
clang: warning: overriding deployment version from '16.0' to '26.0' [-Woverriding-deployment-version]
configure:9063: $? = 0
configure:9063: result: yes
configure:9063: checking for inttypes.h
configure:9063: gcc -std=gnu23 -c -O0 -g  conftest.c >&5
clang: warning: overriding deployment version from '16.0' to '26.0' [-Woverriding-deployment-version]
configure:9063: $? = 0
configure:9063: result: yes
configure:9063: checking for stdint.h
configure:9063: gcc -std=gnu23 -c -O0 -g  conftest.c >&5
clang: warning: overriding deployment version from '16.0' to '26.0' [-Woverriding-deployment-version]
configure:9063: $? = 0
configure:9063: result: yes
configure:9063: checking for strings.h
configure:9063: gcc -std=gnu23 -c -O0 -g  conftest.c >&5
clang: warning: overriding deployment version from '16.0' to '26.0' [-Woverriding-deployment-version]
configure:9063: $? = 0
configure:9063: result: yes
configure:9063: checking for sys/stat.h
configure:9063: gcc -std=gnu23 -c -O0 -g  conftest.c >&5
clang: warning: overriding deployment version from '16.0' to '26.0' [-Woverriding-deployment-version]
configure:9063: $? = 0
configure:9063: result: yes
configure:9063: checking for sys/types.h
configure:9063: gcc -std=gnu23 -c -O0 -g  conftest.c >&5
clang: warning: overriding deployment version from '16.0' to '26.0' [-Woverriding-deployment-version]
configure:9063: $? = 0
configure:9063: result: yes
configure:9063: checking for unistd.h
configure:9063: gcc -std=gnu23 -c -O0 -g  conftest.c >&5
clang: warning: overriding deployment version from '16.0' to '26.0' [-Woverriding-deployment-version]
configure:9063: $? = 0
configure:9063: result: yes
configure:9088: checking for dlfcn.h
configure:9088: gcc -std=gnu23 -c -O0 -g  conftest.c >&5
clang: warning: overriding deployment version from '16.0' to '26.0' [-Woverriding-deployment-version]
configure:9088: $? = 0
configure:9088: result: yes
configure:9391: checking for objdir
configure:9408: result: .libs
configure:9674: checking if gcc -std=gnu23 supports -fno-rtti -fno-exceptions
configure:9693: gcc -std=gnu23 -c -O0 -g  -fno-rtti -fno-exceptions conftest.c >&5
cc1: warning: command-line option '-fno-rtti' is valid for C++/D/ObjC++ but not for C
clang: warning: overriding deployment version from '16.0' to '26.0' [-Woverriding-deployment-version]
configure:9697: $? = 0
configure:9711: result: no
configure:10084: checking for gcc -std=gnu23 option to produce PIC
configure:10093: result: -fno-common -DPIC
configure:10101: checking if gcc -std=gnu23 PIC flag -fno-common -DPIC works
configure:10120: gcc -std=gnu23 -c -O0 -g  -fno-common -DPIC -DPIC conftest.c >&5
clang: warning: overriding deployment version from '16.0' to '26.0' [-Woverriding-deployment-version]
configure:10124: $? = 0
configure:10138: result: yes
configure:10167: checking if gcc -std=gnu23 static flag -static works
configure:10197: result: no
configure:10212: checking if gcc -std=gnu23 supports -c -o file.o
configure:10234: gcc -std=gnu23 -c -O0 -g  -o out/conftest2.o conftest.c >&5
clang: warning: overriding deployment version from '16.0' to '26.0' [-Woverriding-deployment-version]
configure:10238: $? = 0
configure:10261: result: yes
configure:10269: checking if gcc -std=gnu23 supports -c -o file.o
configure:10318: result: yes
configure:10351: checking whether the gcc -std=gnu23 linker (/opt/local/bin/ld) supports shared libraries
configure:11635: result: yes
configure:11877: checking dynamic linker characteristics
configure:13261: result: darwin25.5.0 dyld
configure:13383: checking how to hardcode library paths into programs
configure:13408: result: immediate
configure:14008: checking whether stripping libraries is possible
configure:14025: result: yes
configure:14059: checking if libtool supports shared libraries
configure:14061: result: yes
configure:14064: checking whether to build shared libraries
configure:14089: result: yes
configure:14092: checking whether to build static libraries
configure:14096: result: yes
configure:14189: checking for gcc
configure:14222: result: gcc
configure:14581: checking for C compiler version
configure:14590: gcc --version >&5
gcc (MacPorts gcc14 14.3.0_0+stdlib_flag) 14.3.0
Copyright (C) 2024 Free Software Foundation, Inc.
This is free software; see the source for copying conditions.  There is NO
warranty; not even for MERCHANTABILITY or FITNESS FOR A PARTICULAR PURPOSE.

configure:14601: $? = 0
configure:14590: gcc -v >&5
Using built-in specs.
COLLECT_GCC=gcc
COLLECT_LTO_WRAPPER=/opt/local/libexec/gcc/aarch64-apple-darwin25/14.3.0/lto-wrapper
Target: aarch64-apple-darwin25
Configured with: /opt/local/var/macports/build/gcc14-d0edef85/work/gcc-14.3.0/configure --prefix=/opt/local --build=aarch64-apple-darwin25 --enable-languages=c,c++,objc,obj-c++,lto,fortran,m2,jit --libdir=/opt/local/lib/gcc14 --infodir=/opt/local/share/info --mandir=/opt/local/share/man --datarootdir=/opt/local/share/gcc-14 --with-local-prefix=/opt/local --with-system-zlib --disable-nls --program-suffix=-mp-14 --with-gxx-include-dir=/opt/local/include/gcc14/c++/ --with-gmp=/opt/local --with-mpfr=/opt/local --with-mpc=/opt/local --with-isl=/opt/local --with-zstd=/opt/local --enable-checking=release --disable-multilib --enable-lto --enable-libstdcxx-time --with-build-config=bootstrap-debug --with-as=/opt/local/bin/as --with-ld=/opt/local/bin/ld --with-ar=/opt/local/bin/ar --with-bugurl=https://trac.macports.org/newticket --enable-host-shared --with-darwin-extra-rpath=/opt/local/lib/libgcc --with-libiconv-prefix=/opt/local --disable-tls --with-gxx-libcxx-include-dir=/opt/local/libexec/gcc14/libc++/include/c++/v1 --with-pkgversion='MacPorts gcc14 14.3.0_0+stdlib_flag' --with-sysroot=/Library/Developer/CommandLineTools/SDKs/MacOSX26.sdk
Thread model: posix
Supported LTO compression algorithms: zlib zstd
gcc version 14.3.0 (MacPorts gcc14 14.3.0_0+stdlib_flag) 
configure:14601: $? = 0
configure:14590: gcc -V >&5
gcc: error: unrecognized command-line option '-V'
gcc: fatal error: no input files
compilation terminated.
configure:14601: $? = 1
configure:14590: gcc -qversion >&5
gcc: error: unrecognized command-line option '-qversion'; did you mean '--version'?
gcc: fatal error: no input files
compilation terminated.
configure:14601: $? = 1
configure:14590: gcc -version >&5
gcc: error: unrecognized command-line option '-version'
gcc: fatal error: no input files
compilation terminated.
configure:14601: $? = 1
configure:14605: checking whether the compiler supports GNU C
configure:14637: result: yes
configure:14648: checking whether gcc accepts -g
configure:14716: result: yes
configure:14736: checking for gcc option to enable C23 features
configure:14773: result: -std=gnu23
configure:14943: checking whether gcc -std=gnu23 understands -c and -o together
configure:14985: result: yes
configure:15004: checking dependency style of gcc -std=gnu23
configure:15117: result: gcc3
configure:15249: checking the archiver (ar) interface
configure:15301: result: ar
configure:15384: checking for pkg-config
configure:15407: found /opt/homebrew/bin/pkg-config
configure:15420: result: /opt/homebrew/bin/pkg-config
configure:15445: checking pkg-config is at least version 0.9.0
configure:15448: result: yes
configure:15461: checking for libsodium >= 1.0.0
configure:15468: $PKG_CONFIG --exists --print-errors "libsodium >= 1.0.0"
configure:15471: $? = 0
configure:15485: $PKG_CONFIG --exists --print-errors "libsodium >= 1.0.0"
configure:15488: $? = 0
configure:15546: result: yes
configure:15552: checking for stdint.h
configure:15552: result: yes
configure:15558: checking for stdlib.h
configure:15558: result: yes
configure:15564: checking for string.h
configure:15564: result: yes
configure:15573: checking for size_t
configure:15573: gcc -std=gnu23 -c -O0 -g  conftest.c >&5
clang: warning: overriding deployment version from '16.0' to '26.0' [-Woverriding-deployment-version]
configure:15573: $? = 0
configure:15573: gcc -std=gnu23 -c -O0 -g  conftest.c >&5
conftest.c: In function 'main':
conftest.c:57:21: error: expected expression before ')' token
   57 | if (sizeof ((size_t)))
      |                     ^
configure:15573: $? = 1
configure: failed program was:
| /* confdefs.h */
| #define PACKAGE_NAME "norn"
| #define PACKAGE_TARNAME "norn"
| #define PACKAGE_VERSION "0.1.0"
| #define PACKAGE_STRING "norn 0.1.0"
| #define PACKAGE_BUGREPORT "noreply@example.com"
| #define PACKAGE_URL ""
| #define PACKAGE "norn"
| #define VERSION "0.1.0"
| #define HAVE_STDIO_H 1
| #define HAVE_STDLIB_H 1
| #define HAVE_STRING_H 1
| #define HAVE_INTTYPES_H 1
| #define HAVE_STDINT_H 1
| #define HAVE_STRINGS_H 1
| #define HAVE_SYS_STAT_H 1
| #define HAVE_SYS_TYPES_H 1
| #define HAVE_UNISTD_H 1
| #define STDC_HEADERS 1
| #define HAVE_DLFCN_H 1
| #define LT_OBJDIR ".libs/"
| #define HAVE_STDINT_H 1
| #define HAVE_STDLIB_H 1
| #define HAVE_STRING_H 1
| /* end confdefs.h.  */
| #include <stddef.h>
| #ifdef HAVE_STDIO_H
| # include <stdio.h>
| #endif
| #ifdef HAVE_STDLIB_H
| # include <stdlib.h>
| #endif
| #ifdef HAVE_STRING_H
| # include <string.h>
| #endif
| #ifdef HAVE_INTTYPES_H
| # include <inttypes.h>
| #endif
| #ifdef HAVE_STDINT_H
| # include <stdint.h>
| #endif
| #ifdef HAVE_STRINGS_H
| # include <strings.h>
| #endif
| #ifdef HAVE_SYS_TYPES_H
| # include <sys/types.h>
| #endif
| #ifdef HAVE_SYS_STAT_H
| # include <sys/stat.h>
| #endif
| #ifdef HAVE_UNISTD_H
| # include <unistd.h>
| #endif
| int
| main (void)
| {
| if (sizeof ((size_t)))
| 	    return 0;
|   ;
|   return 0;
| }
configure:15573: result: yes
configure:15584: checking for uint32_t
configure:15584: gcc -std=gnu23 -c -O0 -g  conftest.c >&5
clang: warning: overriding deployment version from '16.0' to '26.0' [-Woverriding-deployment-version]
configure:15584: $? = 0
configure:15584: result: yes
configure:15596: checking for uint8_t
configure:15596: gcc -std=gnu23 -c -O0 -g  conftest.c >&5
clang: warning: overriding deployment version from '16.0' to '26.0' [-Woverriding-deployment-version]
configure:15596: $? = 0
configure:15596: result: yes
configure:15707: checking that generated files are newer than configure
configure:15713: result: done
configure:15764: creating ./config.status

## ---------------------- ##
## Running config.status. ##
## ---------------------- ##

This file was extended by norn config.status 0.1.0, which was
generated by GNU Autoconf 2.73.  Invocation command line was

  CONFIG_FILES    = 
  CONFIG_HEADERS  = 
  CONFIG_LINKS    = 
  CONFIG_COMMANDS = 
  $ ./config.status 

on macbook.driessel.de

config.status:1080: creating Makefile
config.status:1080: creating norn.pc
config.status:1080: creating config.h
config.status:1261: config.h is unchanged
config.status:1309: executing depfiles commands
config.status:1386: cd .       && sed -e '/# am--include-marker/d' Makefile         | make -f - am--depfiles
make[1]: Entering directory '/Users/rene/Projekte/norn'
make[1]: Nothing to be done for 'am--depfiles'.
make[1]: Leaving directory '/Users/rene/Projekte/norn'
config.status:1391: $? = 0
config.status:1309: executing libtool commands
configure:17910: 
configure:17912: norn 0.1.0 configuration:
configure:17914:   Prefix:          /usr/local
configure:17916:   CC:              gcc -std=gnu23
configure:17918:   CFLAGS:          -O0 -g --coverage -O0
configure:17920:   libsodium:       yes
configure:17922: 

## ---------------- ##
## Cache variables. ##
## ---------------- ##

ac_cv_build=aarch64-apple-darwin25.5.0
ac_cv_c_compiler_gnu=yes
ac_cv_c_uint32_t=yes
ac_cv_c_uint8_t=yes
ac_cv_env_CC_set=
ac_cv_env_CC_value=
ac_cv_env_CFLAGS_set=set
ac_cv_env_CFLAGS_value='-O0 -g'
ac_cv_env_CPPFLAGS_set=
ac_cv_env_CPPFLAGS_value=
ac_cv_env_LDFLAGS_set=
ac_cv_env_LDFLAGS_value=
ac_cv_env_LIBS_set=
ac_cv_env_LIBS_value=
ac_cv_env_LT_SYS_LIBRARY_PATH_set=
ac_cv_env_LT_SYS_LIBRARY_PATH_value=
ac_cv_env_PKG_CONFIG_LIBDIR_set=
ac_cv_env_PKG_CONFIG_LIBDIR_value=
ac_cv_env_PKG_CONFIG_PATH_set=set
ac_cv_env_PKG_CONFIG_PATH_value=/Users/rene/.local/lib/pkgconfig:/opt/local/lib/pkgconfig:/usr/local/lib/pkgconfig
ac_cv_env_PKG_CONFIG_set=
ac_cv_env_PKG_CONFIG_value=
ac_cv_env_SODIUM_CFLAGS_set=
ac_cv_env_SODIUM_CFLAGS_value=
ac_cv_env_SODIUM_LIBS_set=
ac_cv_env_SODIUM_LIBS_value=
ac_cv_env_build_alias_set=
ac_cv_env_build_alias_value=
ac_cv_env_host_alias_set=
ac_cv_env_host_alias_value=
ac_cv_env_target_alias_set=
ac_cv_env_target_alias_value=
ac_cv_header_dlfcn_h=yes
ac_cv_header_inttypes_h=yes
ac_cv_header_stdint_h=yes
ac_cv_header_stdio_h=yes
ac_cv_header_stdlib_h=yes
ac_cv_header_string_h=yes
ac_cv_header_strings_h=yes
ac_cv_header_sys_stat_h=yes
ac_cv_header_sys_types_h=yes
ac_cv_header_unistd_h=yes
ac_cv_host=aarch64-apple-darwin25.5.0
ac_cv_objext=o
ac_cv_path_EGREP='/opt/local/libexec/gnubin/grep -E'
ac_cv_path_EGREP_TRADITIONAL='/opt/local/libexec/gnubin/grep -E'
ac_cv_path_FGREP='/opt/local/libexec/gnubin/grep -F'
ac_cv_path_GREP=/opt/local/libexec/gnubin/grep
ac_cv_path_SED=/opt/local/libexec/gnubin/sed
ac_cv_path_ac_pt_PKG_CONFIG=/opt/homebrew/bin/pkg-config
ac_cv_path_install='/opt/local/libexec/gnubin/install -c'
ac_cv_path_lt_DD=/opt/local/libexec/gnubin/dd
ac_cv_path_mkdir=/opt/local/libexec/gnubin/mkdir
ac_cv_prog_AWK=gawk
ac_cv_prog_FILECMD=file
ac_cv_prog_ac_ct_AR=ar
ac_cv_prog_ac_ct_CC=gcc
ac_cv_prog_ac_ct_DSYMUTIL=dsymutil
ac_cv_prog_ac_ct_LIPO=lipo
ac_cv_prog_ac_ct_NMEDIT=nmedit
ac_cv_prog_ac_ct_OBJDUMP=objdump
ac_cv_prog_ac_ct_OTOOL=otool
ac_cv_prog_ac_ct_RANLIB=ranlib
ac_cv_prog_ac_ct_STRIP=strip
ac_cv_prog_cc_c23=-std=gnu23
ac_cv_prog_cc_g=yes
ac_cv_prog_cc_stdc=-std=gnu23
ac_cv_prog_make_make_set=yes
ac_cv_type_size_t=yes
am_cv_CC_dependencies_compiler_type=gcc3
am_cv_ar_interface=ar
am_cv_filesystem_timestamp_resolution=0.01
am_cv_make_support_nested_variables=yes
am_cv_prog_cc_c_o=yes
am_cv_prog_tar_ustar=gnutar
am_cv_sleep_fractional_seconds=yes
am_cv_xargs_n_works=yes
lt_cv_apple_cc_single_mod=no
lt_cv_ar_at_file=no
lt_cv_deplibs_check_method=pass_all
lt_cv_file_magic_cmd='$MAGIC_CMD'
lt_cv_file_magic_test_file=
lt_cv_ld_exported_symbols_list=yes
lt_cv_ld_force_load=yes
lt_cv_ld_reload_flag=-r
lt_cv_nm_interface='BSD nm'
lt_cv_objdir=.libs
lt_cv_path_LD=/opt/local/bin/ld
lt_cv_path_NM='/opt/local/bin/nm -B'
lt_cv_path_manifest_tool=no
lt_cv_prog_compiler_c_o=yes
lt_cv_prog_compiler_pic='-fno-common -DPIC'
lt_cv_prog_compiler_pic_works=yes
lt_cv_prog_compiler_rtti_exceptions=no
lt_cv_prog_compiler_static_works=no
lt_cv_prog_gnu_ld=no
lt_cv_sharedlib_from_linklib_cmd='printf %s\n'
lt_cv_support_no_fixup_chains=yes
lt_cv_sys_global_symbol_pipe='/opt/local/libexec/gnubin/sed -n -e '\''s/^.*[	 ]\([ABCDGIRSTW][ABCDGIRSTW]*\)[	 ][	 ]*_\([_A-Za-z][_A-Za-z0-9]*\)$/\1 _\2 \2/p'\'' | /opt/local/libexec/gnubin/sed '\''/ __gnu_lto/d'\'''
lt_cv_sys_global_symbol_to_c_name_address='/opt/local/libexec/gnubin/sed -n -e '\''s/^: \(.*\) .*$/  {"\1", (void *) 0},/p'\'' -e '\''s/^[ABCDGIRSTW][ABCDGIRSTW]* .* \(.*\)$/  {"\1", (void *) \&\1},/p'\'''
lt_cv_sys_global_symbol_to_c_name_address_lib_prefix='/opt/local/libexec/gnubin/sed -n -e '\''s/^: \(.*\) .*$/  {"\1", (void *) 0},/p'\'' -e '\''s/^[ABCDGIRSTW][ABCDGIRSTW]* .* \(lib.*\)$/  {"\1", (void *) \&\1},/p'\'' -e '\''s/^[ABCDGIRSTW][ABCDGIRSTW]* .* \(.*\)$/  {"lib\1", (void *) \&\1},/p'\'''
lt_cv_sys_global_symbol_to_cdecl='/opt/local/libexec/gnubin/sed -n -e '\''s/^T .* \(.*\)$/extern int \1();/p'\'' -e '\''s/^[ABCDGIRSTW][ABCDGIRSTW]* .* \(.*\)$/extern char \1;/p'\'''
lt_cv_sys_global_symbol_to_import=
lt_cv_sys_max_cmd_len=786432
lt_cv_to_host_file_cmd=func_convert_file_noop
lt_cv_to_tool_file_cmd=func_convert_file_noop
lt_cv_truncate_bin='/opt/local/libexec/gnubin/dd bs=4096 count=1'
pkg_cv_SODIUM_CFLAGS=
pkg_cv_SODIUM_LIBS='-L/opt/local/lib -lsodium'

## ----------------- ##
## Output variables. ##
## ----------------- ##

ACLOCAL='${SHELL} '\''/Users/rene/Projekte/norn/build-aux/missing'\'' aclocal-1.18'
AMDEPBACKSLASH='\'
AMDEP_FALSE='#'
AMDEP_TRUE=''
AMTAR='$${TAR-tar}'
AM_BACKSLASH='\'
AM_DEFAULT_V='$(AM_DEFAULT_VERBOSITY)'
AM_DEFAULT_VERBOSITY='1'
AM_V='$(V)'
AR='ar'
AUTOCONF='${SHELL} '\''/Users/rene/Projekte/norn/build-aux/missing'\'' autoconf'
AUTOHEADER='${SHELL} '\''/Users/rene/Projekte/norn/build-aux/missing'\'' autoheader'
AUTOMAKE='${SHELL} '\''/Users/rene/Projekte/norn/build-aux/missing'\'' automake-1.18'
AWK='gawk'
CC='gcc -std=gnu23'
CCDEPMODE='depmode=gcc3'
CFLAGS='-O0 -g --coverage -O0'
CPPFLAGS=''
CSCOPE='cscope'
CTAGS='ctags'
CYGPATH_W='echo'
DEFS='-DHAVE_CONFIG_H'
DEPDIR='.deps'
DLLTOOL='false'
DSYMUTIL='dsymutil'
DUMPBIN=''
ECHO_C='\c'
ECHO_N=''
ECHO_T=''
EGREP='/opt/local/libexec/gnubin/grep -E'
ENABLE_COVERAGE_FALSE='#'
ENABLE_COVERAGE_TRUE=''
ETAGS='etags'
EXEEXT=''
FGREP='/opt/local/libexec/gnubin/grep -F'
FILECMD='file'
GREP='/opt/local/libexec/gnubin/grep'
INSTALL_DATA='${INSTALL} -m 644'
INSTALL_PROGRAM='${INSTALL}'
INSTALL_SCRIPT='${INSTALL}'
INSTALL_STRIP_PROGRAM='$(install_sh) -c -s'
LD='/opt/local/bin/ld'
LDFLAGS=''
LIBOBJS=''
LIBS=''
LIBTOOL='$(SHELL) $(top_builddir)/libtool'
LIPO='lipo'
LN_S='ln -s'
LTLIBOBJS=''
LT_SYS_LIBRARY_PATH=''
MAKEINFO='${SHELL} '\''/Users/rene/Projekte/norn/build-aux/missing'\'' makeinfo'
MANIFEST_TOOL=':'
MKDIR_P='/opt/local/libexec/gnubin/mkdir -p'
NM='/opt/local/bin/nm -B'
NMEDIT='nmedit'
OBJDUMP='objdump'
OBJEXT='o'
OTOOL64=':'
OTOOL='otool'
PACKAGE='norn'
PACKAGE_BUGREPORT='noreply@example.com'
PACKAGE_NAME='norn'
PACKAGE_STRING='norn 0.1.0'
PACKAGE_TARNAME='norn'
PACKAGE_URL=''
PACKAGE_VERSION='0.1.0'
PATH_SEPARATOR=':'
PKG_CONFIG='/opt/homebrew/bin/pkg-config'
PKG_CONFIG_LIBDIR=''
PKG_CONFIG_PATH='/Users/rene/.local/lib/pkgconfig:/opt/local/lib/pkgconfig:/usr/local/lib/pkgconfig'
RANLIB='ranlib'
SED='/opt/local/libexec/gnubin/sed'
SET_MAKE=''
SHELL='/bin/sh'
SODIUM_CFLAGS=''
SODIUM_LIBS='-L/opt/local/lib -lsodium'
STRIP='strip'
VERSION='0.1.0'
ac_ct_AR='ar'
ac_ct_CC='gcc'
ac_ct_DUMPBIN=''
am__EXEEXT_FALSE=''
am__EXEEXT_TRUE='#'
am__fastdepCC_FALSE='#'
am__fastdepCC_TRUE=''
am__include='include'
am__isrc=''
am__leading_dot='.'
am__nodep='_no'
am__quote=''
am__rm_f_notfound=''
am__tar='tar --format=ustar -chf - "$$tardir"'
am__untar='tar -xf -'
am__xargs_n='xargs -n'
bindir='${exec_prefix}/bin'
build='aarch64-apple-darwin25.5.0'
build_alias=''
build_cpu='aarch64'
build_os='darwin25.5.0'
build_vendor='apple'
datadir='${datarootdir}'
datarootdir='${prefix}/share'
docdir='${datarootdir}/doc/${PACKAGE_TARNAME}'
dvidir='${docdir}'
exec_prefix='${prefix}'
host='aarch64-apple-darwin25.5.0'
host_alias=''
host_cpu='aarch64'
host_os='darwin25.5.0'
host_vendor='apple'
htmldir='${docdir}'
includedir='${prefix}/include'
infodir='${datarootdir}/info'
install_sh='${SHELL} /Users/rene/Projekte/norn/build-aux/install-sh'
libdir='${exec_prefix}/lib'
libexecdir='${exec_prefix}/libexec'
localedir='${datarootdir}/locale'
localstatedir='${prefix}/var'
mandir='${datarootdir}/man'
mkdir_p='$(MKDIR_P)'
oldincludedir='/usr/include'
pdfdir='${docdir}'
prefix='/usr/local'
program_transform_name='s,x,x,'
psdir='${docdir}'
runstatedir='${localstatedir}/run'
sbindir='${exec_prefix}/sbin'
sharedstatedir='${prefix}/com'
sysconfdir='${prefix}/etc'
target_alias=''

## ----------- ##
## confdefs.h. ##
## ----------- ##

/* confdefs.h */
#define PACKAGE_NAME "norn"
#define PACKAGE_TARNAME "norn"
#define PACKAGE_VERSION "0.1.0"
#define PACKAGE_STRING "norn 0.1.0"
#define PACKAGE_BUGREPORT "noreply@example.com"
#define PACKAGE_URL ""
#define PACKAGE "norn"
#define VERSION "0.1.0"
#define HAVE_STDIO_H 1
#define HAVE_STDLIB_H 1
#define HAVE_STRING_H 1
#define HAVE_INTTYPES_H 1
#define HAVE_STDINT_H 1
#define HAVE_STRINGS_H 1
#define HAVE_SYS_STAT_H 1
#define HAVE_SYS_TYPES_H 1
#define HAVE_UNISTD_H 1
#define STDC_HEADERS 1
#define HAVE_DLFCN_H 1
#define LT_OBJDIR ".libs/"
#define HAVE_STDINT_H 1
#define HAVE_STDLIB_H 1
#define HAVE_STRING_H 1

configure: exit 
